Team: Toronto Blue Jays has only: 12 games! Not yet a full schedule!

Team: Baltimore Orioles has only: 12 games! Not yet a full schedule!

Team: Tampa Bay Rays has only: 12 games! Not yet a full schedule!

Team: Boston Red Sox has only: 12 games! Not yet a full schedule!

Team: New York Yankees has only: 12 games! Not yet a full schedule!

Team: Cleveland Indians has only: 16 games! Not yet a full schedule!

Team: Baltimore Orioles has only: 16 games! Not yet a full schedule!

Team: New York Yankees has only: 16 games! Not yet a full schedule!

Team: Kansas City Royals has only: 16 games! Not yet a full schedule!

Team: Oakland Athletics has only: 16 games! Not yet a full schedule!

Team: Chicago White Sox has only: 16 games! Not yet a full schedule!

Team: Texas Rangers has only: 16 games! Not yet a full schedule!

Team: Seattle Mariners has only: 16 games! Not yet a full schedule!

Team: Minnesota Twins has only: 16 games! Not yet a full schedule!

Team: Toronto Blue Jays has only: 16 games! Not yet a full schedule!

Team: Los Angeles Angels of Anaheim has only: 16 games! Not yet a full schedule!

Team: Tampa Bay Rays has only: 16 games! Not yet a full schedule!

Team: Detroit Tigers has only: 16 games! Not yet a full schedule!

Team: Boston Red Sox has only: 16 games! Not yet a full schedule!

Team: Houston Astros has only: 16 games! Not yet a full schedule!

Team: Atlanta Braves has only: 16 games! Not yet a full schedule!

Team: St. Louis Cardinals has only: 16 games! Not yet a full schedule!

Team: Arizona Diamondbacks has only: 16 games! Not yet a full schedule!

Team: New York Yankees has only: 16 games! Not yet a full schedule!

Team: Kansas City Royals has only: 16 games! Not yet a full schedule!

Team: Oakland Athletics has only: 16 games! Not yet a full schedule!

Team: Texas Rangers has only: 16 games! Not yet a full schedule!

Team: Chicago White Sox has only: 16 games! Not yet a full schedule!

Team: Seattle Mariners has only: 16 games! Not yet a full schedule!

Team: San Francisco Giants has only: 16 games! Not yet a full schedule!

Team: Toronto Blue Jays has only: 16 games! Not yet a full schedule!

Team: Tampa Bay Rays has only: 16 games! Not yet a full schedule!

Team: Detroit Tigers has only: 16 games! Not yet a full schedule!

Team: Los Angeles Dodgers has only: 16 games! Not yet a full schedule!

Team: Chicago Cubs has only: 16 games! Not yet a full schedule!

Team: Houston Astros has only: 16 games! Not yet a full schedule!

Team: Cincinnati Reds has only: 16 games! Not yet a full schedule!

Team: Pittsburgh Pirates has only: 16 games! Not yet a full schedule!

Team: Cleveland Indians has only: 16 games! Not yet a full schedule!

Team: San Diego Padres has only: 16 games! Not yet a full schedule!

Team: Baltimore Orioles has only: 16 games! Not yet a full schedule!

Team: New York Mets has only: 16 games! Not yet a full schedule!

Team: Philadelphia Phillies has only: 16 games! Not yet a full schedule!

Team: Minnesota Twins has only: 16 games! Not yet a full schedule!

Team: Colorado Rockies has only: 16 games! Not yet a full schedule!

Team: Washington Nationals has only: 16 games! Not yet a full schedule!

Team: Los Angeles Angels of Anaheim has only: 16 games! Not yet a full schedule!

Team: Boston Red Sox has only: 16 games! Not yet a full schedule!

Team: Miami Marlins has only: 16 games! Not yet a full schedule!

Team: Milwaukee Brewers has only: 16 games! Not yet a full schedule!

Team: Atlanta Braves has only: 32 games! Not yet a full schedule!

Team: St. Louis Cardinals has only: 32 games! Not yet a full schedule!

Team: Arizona Diamondbacks has only: 32 games! Not yet a full schedule!

Team: New York Yankees has only: 16 games! Not yet a full schedule!

Team: Kansas City Royals has only: 16 games! Not yet a full schedule!

Team: Oakland Athletics has only: 16 games! Not yet a full schedule!

Team: Texas Rangers has only: 16 games! Not yet a full schedule!

Team: Chicago White Sox has only: 16 games! Not yet a full schedule!

Team: Seattle Mariners has only: 16 games! Not yet a full schedule!

Team: San Francisco Giants has only: 32 games! Not yet a full schedule!

Team: Toronto Blue Jays has only: 16 games! Not yet a full schedule!

Team: Tampa Bay Rays has only: 16 games! Not yet a full schedule!

Team: Detroit Tigers has only: 16 games! Not yet a full schedule!

Team: Los Angeles Dodgers has only: 32 games! Not yet a full schedule!

Team: Chicago Cubs has only: 32 games! Not yet a full schedule!

Team: Houston Astros has only: 16 games! Not yet a full schedule!

Team: Cincinnati Reds has only: 32 games! Not yet a full schedule!

Team: Pittsburgh Pirates has only: 32 games! Not yet a full schedule!

Team: Cleveland Indians has only: 16 games! Not yet a full schedule!

Team: San Diego Padres has only: 32 games! Not yet a full schedule!

Team: Baltimore Orioles has only: 16 games! Not yet a full schedule!

Team: New York Mets has only: 32 games! Not yet a full schedule!

Team: Philadelphia Phillies has only: 32 games! Not yet a full schedule!

Team: Minnesota Twins has only: 16 games! Not yet a full schedule!

Team: Colorado Rockies has only: 32 games! Not yet a full schedule!

Team: Washington Nationals has only: 32 games! Not yet a full schedule!

Team: Los Angeles Angels of Anaheim has only: 16 games! Not yet a full schedule!

Team: Boston Red Sox has only: 16 games! Not yet a full schedule!

Team: Miami Marlins has only: 32 games! Not yet a full schedule!

Team: Milwaukee Brewers has only: 32 games! Not yet a full schedule!

Team: Atlanta Braves has only: 32 games! Not yet a full schedule!

Team: St. Louis Cardinals has only: 32 games! Not yet a full schedule!

Team: Arizona Diamondbacks has only: 32 games! Not yet a full schedule!

Team: New York Yankees has only: 32 games! Not yet a full schedule!

Team: Kansas City Royals has only: 32 games! Not yet a full schedule!

Team: Oakland Athletics has only: 32 games! Not yet a full schedule!

Team: Texas Rangers has only: 32 games! Not yet a full schedule!

Team: Chicago White Sox has only: 32 games! Not yet a full schedule!

Team: Seattle Mariners has only: 32 games! Not yet a full schedule!

Team: San Francisco Giants has only: 32 games! Not yet a full schedule!

Team: Toronto Blue Jays has only: 32 games! Not yet a full schedule!

Team: Tampa Bay Rays has only: 32 games! Not yet a full schedule!

Team: Detroit Tigers has only: 32 games! Not yet a full schedule!

Team: Los Angeles Dodgers has only: 32 games! Not yet a full schedule!

Team: Chicago Cubs has only: 32 games! Not yet a full schedule!

Team: Houston Astros has only: 32 games! Not yet a full schedule!

Team: Cincinnati Reds has only: 32 games! Not yet a full schedule!

Team: Pittsburgh Pirates has only: 32 games! Not yet a full schedule!

Team: Cleveland Indians has only: 32 games! Not yet a full schedule!

Team: San Diego Padres has only: 32 games! Not yet a full schedule!

Team: Baltimore Orioles has only: 32 games! Not yet a full schedule!

Team: New York Mets has only: 32 games! Not yet a full schedule!

Team: Philadelphia Phillies has only: 32 games! Not yet a full schedule!

Team: Minnesota Twins has only: 32 games! Not yet a full schedule!

Team: Colorado Rockies has only: 32 games! Not yet a full schedule!

Team: Washington Nationals has only: 32 games! Not yet a full schedule!

Team: Los Angeles Angels of Anaheim has only: 32 games! Not yet a full schedule!

Team: Boston Red Sox has only: 32 games! Not yet a full schedule!

Team: Miami Marlins has only: 32 games! Not yet a full schedule!

Team: Milwaukee Brewers has only: 32 games! Not yet a full schedule!

Team: Atlanta Braves has only: 32 games! Not yet a full schedule!

Team: St. Louis Cardinals has only: 32 games! Not yet a full schedule!

Team: Arizona Diamondbacks has only: 32 games! Not yet a full schedule!

Team: New York Yankees has only: 48 games! Not yet a full schedule!

Team: Kansas City Royals has only: 48 games! Not yet a full schedule!

Team: Oakland Athletics has only: 48 games! Not yet a full schedule!

Team: Texas Rangers has only: 48 games! Not yet a full schedule!

Team: Chicago White Sox has only: 48 games! Not yet a full schedule!

Team: Seattle Mariners has only: 48 games! Not yet a full schedule!

Team: San Francisco Giants has only: 32 games! Not yet a full schedule!

Team: Toronto Blue Jays has only: 48 games! Not yet a full schedule!

Team: Tampa Bay Rays has only: 48 games! Not yet a full schedule!

Team: Detroit Tigers has only: 48 games! Not yet a full schedule!

Team: Los Angeles Dodgers has only: 32 games! Not yet a full schedule!

Team: Chicago Cubs has only: 32 games! Not yet a full schedule!

Team: Houston Astros has only: 48 games! Not yet a full schedule!

Team: Cincinnati Reds has only: 32 games! Not yet a full schedule!

Team: Pittsburgh Pirates has only: 32 games! Not yet a full schedule!

Team: Cleveland Indians has only: 48 games! Not yet a full schedule!

Team: San Diego Padres has only: 32 games! Not yet a full schedule!

Team: Baltimore Orioles has only: 48 games! Not yet a full schedule!

Team: New York Mets has only: 32 games! Not yet a full schedule!

Team: Philadelphia Phillies has only: 32 games! Not yet a full schedule!

Team: Minnesota Twins has only: 48 games! Not yet a full schedule!

Team: Colorado Rockies has only: 32 games! Not yet a full schedule!

Team: Washington Nationals has only: 32 games! Not yet a full schedule!

Team: Los Angeles Angels of Anaheim has only: 48 games! Not yet a full schedule!

Team: Boston Red Sox has only: 48 games! Not yet a full schedule!

Team: Miami Marlins has only: 32 games! Not yet a full schedule!

Team: Milwaukee Brewers has only: 32 games! Not yet a full schedule!

Team: Atlanta Braves has only: 48 games! Not yet a full schedule!

Team: St. Louis Cardinals has only: 48 games! Not yet a full schedule!

Team: Arizona Diamondbacks has only: 48 games! Not yet a full schedule!

Team: New York Yankees has only: 48 games! Not yet a full schedule!

Team: Kansas City Royals has only: 48 games! Not yet a full schedule!

Team: Oakland Athletics has only: 48 games! Not yet a full schedule!

Team: Texas Rangers has only: 48 games! Not yet a full schedule!

Team: Chicago White Sox has only: 48 games! Not yet a full schedule!

Team: Seattle Mariners has only: 48 games! Not yet a full schedule!

Team: San Francisco Giants has only: 48 games! Not yet a full schedule!

Team: Toronto Blue Jays has only: 48 games! Not yet a full schedule!

Team: Tampa Bay Rays has only: 48 games! Not yet a full schedule!

Team: Detroit Tigers has only: 48 games! Not yet a full schedule!

Team: Los Angeles Dodgers has only: 48 games! Not yet a full schedule!

Team: Chicago Cubs has only: 48 games! Not yet a full schedule!

Team: Houston Astros has only: 48 games! Not yet a full schedule!

Team: Cincinnati Reds has only: 48 games! Not yet a full schedule!

Team: Pittsburgh Pirates has only: 48 games! Not yet a full schedule!

Team: Cleveland Indians has only: 48 games! Not yet a full schedule!

Team: San Diego Padres has only: 48 games! Not yet a full schedule!

Team: Baltimore Orioles has only: 48 games! Not yet a full schedule!

Team: New York Mets has only: 48 games! Not yet a full schedule!

Team: Philadelphia Phillies has only: 48 games! Not yet a full schedule!

Team: Minnesota Twins has only: 48 games! Not yet a full schedule!

Team: Colorado Rockies has only: 48 games! Not yet a full schedule!

Team: Washington Nationals has only: 48 games! Not yet a full schedule!

Team: Los Angeles Angels of Anaheim has only: 48 games! Not yet a full schedule!

Team: Boston Red Sox has only: 48 games! Not yet a full schedule!

Team: Miami Marlins has only: 48 games! Not yet a full schedule!

Team: Milwaukee Brewers has only: 48 games! Not yet a full schedule!

Team: Atlanta Braves has only: 60 games! Not yet a full schedule!

Team: St. Louis Cardinals has only: 60 games! Not yet a full schedule!

Team: Arizona Diamondbacks has only: 60 games! Not yet a full schedule!

Team: New York Yankees has only: 48 games! Not yet a full schedule!

Team: Kansas City Royals has only: 48 games! Not yet a full schedule!

Team: Oakland Athletics has only: 48 games! Not yet a full schedule!

Team: Texas Rangers has only: 48 games! Not yet a full schedule!

Team: Chicago White Sox has only: 48 games! Not yet a full schedule!

Team: Seattle Mariners has only: 48 games! Not yet a full schedule!

Team: San Francisco Giants has only: 60 games! Not yet a full schedule!

Team: Toronto Blue Jays has only: 48 games! Not yet a full schedule!

Team: Tampa Bay Rays has only: 48 games! Not yet a full schedule!

Team: Detroit Tigers has only: 48 games! Not yet a full schedule!

Team: Los Angeles Dodgers has only: 60 games! Not yet a full schedule!

Team: Chicago Cubs has only: 60 games! Not yet a full schedule!

Team: Houston Astros has only: 48 games! Not yet a full schedule!

Team: Cincinnati Reds has only: 60 games! Not yet a full schedule!

Team: Pittsburgh Pirates has only: 60 games! Not yet a full schedule!

Team: Cleveland Indians has only: 48 games! Not yet a full schedule!

Team: San Diego Padres has only: 60 games! Not yet a full schedule!

Team: Baltimore Orioles has only: 48 games! Not yet a full schedule!

Team: New York Mets has only: 60 games! Not yet a full schedule!

Team: Philadelphia Phillies has only: 60 games! Not yet a full schedule!

Team: Minnesota Twins has only: 48 games! Not yet a full schedule!

Team: Colorado Rockies has only: 60 games! Not yet a full schedule!

Team: Washington Nationals has only: 60 games! Not yet a full schedule!

Team: Los Angeles Angels of Anaheim has only: 48 games! Not yet a full schedule!

Team: Boston Red Sox has only: 48 games! Not yet a full schedule!

Team: Miami Marlins has only: 60 games! Not yet a full schedule!

Team: Milwaukee Brewers has only: 60 games! Not yet a full schedule!

Team: Atlanta Braves has only: 60 games! Not yet a full schedule!

Team: St. Louis Cardinals has only: 60 games! Not yet a full schedule!

Team: Arizona Diamondbacks has only: 60 games! Not yet a full schedule!

Team: New York Yankees has only: 60 games! Not yet a full schedule!

Team: Kansas City Royals has only: 60 games! Not yet a full schedule!

Team: Oakland Athletics has only: 60 games! Not yet a full schedule!

Team: Texas Rangers has only: 60 games! Not yet a full schedule!

Team: Chicago White Sox has only: 60 games! Not yet a full schedule!

Team: Seattle Mariners has only: 60 games! Not yet a full schedule!

Team: San Francisco Giants has only: 60 games! Not yet a full schedule!

Team: Toronto Blue Jays has only: 60 games! Not yet a full schedule!

Team: Tampa Bay Rays has only: 60 games! Not yet a full schedule!

Team: Detroit Tigers has only: 60 games! Not yet a full schedule!

Team: Los Angeles Dodgers has only: 60 games! Not yet a full schedule!

Team: Chicago Cubs has only: 60 games! Not yet a full schedule!

Team: Houston Astros has only: 60 games! Not yet a full schedule!

Team: Cincinnati Reds has only: 60 games! Not yet a full schedule!

Team: Pittsburgh Pirates has only: 60 games! Not yet a full schedule!

Team: Cleveland Indians has only: 60 games! Not yet a full schedule!

Team: San Diego Padres has only: 60 games! Not yet a full schedule!

Team: Baltimore Orioles has only: 60 games! Not yet a full schedule!

Team: New York Mets has only: 60 games! Not yet a full schedule!

Team: Philadelphia Phillies has only: 60 games! Not yet a full schedule!

Team: Minnesota Twins has only: 60 games! Not yet a full schedule!

Team: Colorado Rockies has only: 60 games! Not yet a full schedule!

Team: Washington Nationals has only: 60 games! Not yet a full schedule!

Team: Los Angeles Angels of Anaheim has only: 60 games! Not yet a full schedule!

Team: Boston Red Sox has only: 60 games! Not yet a full schedule!

Team: Miami Marlins has only: 60 games! Not yet a full schedule!

Team: Milwaukee Brewers has only: 60 games! Not yet a full schedule!

Team: Atlanta Braves has only: 60 games! Not yet a full schedule!

Team: St. Louis Cardinals has only: 60 games! Not yet a full schedule!

Team: Arizona Diamondbacks has only: 60 games! Not yet a full schedule!

Team: New York Yankees has only: 66 games! Not yet a full schedule!

Team: Kansas City Royals has only: 66 games! Not yet a full schedule!

Team: Oakland Athletics has only: 66 games! Not yet a full schedule!

Team: Texas Rangers has only: 66 games! Not yet a full schedule!

Team: Chicago White Sox has only: 66 games! Not yet a full schedule!

Team: Seattle Mariners has only: 66 games! Not yet a full schedule!

Team: San Francisco Giants has only: 60 games! Not yet a full schedule!

Team: Toronto Blue Jays has only: 66 games! Not yet a full schedule!

Team: Tampa Bay Rays has only: 66 games! Not yet a full schedule!

Team: Detroit Tigers has only: 66 games! Not yet a full schedule!

Team: Los Angeles Dodgers has only: 60 games! Not yet a full schedule!

Team: Chicago Cubs has only: 60 games! Not yet a full schedule!

Team: Houston Astros has only: 66 games! Not yet a full schedule!

Team: Cincinnati Reds has only: 60 games! Not yet a full schedule!

Team: Pittsburgh Pirates has only: 60 games! Not yet a full schedule!

Team: Cleveland Indians has only: 66 games! Not yet a full schedule!

Team: San Diego Padres has only: 60 games! Not yet a full schedule!

Team: Baltimore Orioles has only: 66 games! Not yet a full schedule!

Team: New York Mets has only: 60 games! Not yet a full schedule!

Team: Philadelphia Phillies has only: 60 games! Not yet a full schedule!

Team: Minnesota Twins has only: 66 games! Not yet a full schedule!

Team: Colorado Rockies has only: 60 games! Not yet a full schedule!

Team: Washington Nationals has only: 60 games! Not yet a full schedule!

Team: Los Angeles Angels of Anaheim has only: 66 games! Not yet a full schedule!

Team: Boston Red Sox has only: 66 games! Not yet a full schedule!

Team: Miami Marlins has only: 60 games! Not yet a full schedule!

Team: Milwaukee Brewers has only: 60 games! Not yet a full schedule!

Team: Atlanta Braves has only: 66 games! Not yet a full schedule!

Team: St. Louis Cardinals has only: 66 games! Not yet a full schedule!

Team: Arizona Diamondbacks has only: 66 games! Not yet a full schedule!

Team: New York Yankees has only: 66 games! Not yet a full schedule!

Team: Kansas City Royals has only: 66 games! Not yet a full schedule!

Team: Oakland Athletics has only: 66 games! Not yet a full schedule!

Team: Texas Rangers has only: 66 games! Not yet a full schedule!

Team: Chicago White Sox has only: 66 games! Not yet a full schedule!

Team: Seattle Mariners has only: 66 games! Not yet a full schedule!

Team: San Francisco Giants has only: 66 games! Not yet a full schedule!

Team: Toronto Blue Jays has only: 66 games! Not yet a full schedule!

Team: Tampa Bay Rays has only: 66 games! Not yet a full schedule!

Team: Detroit Tigers has only: 66 games! Not yet a full schedule!

Team: Los Angeles Dodgers has only: 66 games! Not yet a full schedule!

Team: Chicago Cubs has only: 66 games! Not yet a full schedule!

Team: Houston Astros has only: 66 games! Not yet a full schedule!

Team: Cincinnati Reds has only: 66 games! Not yet a full schedule!

Team: Pittsburgh Pirates has only: 66 games! Not yet a full schedule!

Team: Cleveland Indians has only: 66 games! Not yet a full schedule!

Team: San Diego Padres has only: 66 games! Not yet a full schedule!

Team: Baltimore Orioles has only: 66 games! Not yet a full schedule!

Team: New York Mets has only: 66 games! Not yet a full schedule!

Team: Philadelphia Phillies has only: 66 games! Not yet a full schedule!

Team: Minnesota Twins has only: 66 games! Not yet a full schedule!

Team: Colorado Rockies has only: 66 games! Not yet a full schedule!

Team: Washington Nationals has only: 66 games! Not yet a full schedule!

Team: Los Angeles Angels of Anaheim has only: 66 games! Not yet a full schedule!

Team: Boston Red Sox has only: 66 games! Not yet a full schedule!

Team: Miami Marlins has only: 66 games! Not yet a full schedule!

Team: Milwaukee Brewers has only: 66 games! Not yet a full schedule!

