Day: 0
Day: 1
  Game: 0
    Home: Texas Rangers
    Away: Seattle Mariners
    Time: 12pm CST
    Location: Texas Rangers Field
  Game: 1
    Home: Cleveland Indians
    Away: Oakland Athletics
    Time: 12pm CST
    Location: Cleveland Indians Field
  Game: 2
    Home: Tampa Bay Rays
    Away: Chicago White Sox
    Time: 12pm CST
    Location: Tampa Bay Rays Field
  Game: 3
    Home: Los Angeles Angels of Anaheim
    Away: Minnesota Twins
    Time: 12pm CST
    Location: Los Angeles Angels of Anaheim Field
  Game: 4
    Home: Houston Astros
    Away: Detroit Tigers
    Time: 12pm CST
    Location: Houston Astros Field
  Game: 5
    Home: Toronto Blue Jays
    Away: Boston Red Sox
    Time: 12pm CST
    Location: Toronto Blue Jays Field
  Game: 6
    Home: San Francisco Giants
    Away: San Diego Padres
    Time: 12pm CST
    Location: San Francisco Giants Field
  Game: 7
    Home: Miami Marlins
    Away: Los Angeles Dodgers
    Time: 12pm CST
    Location: Miami Marlins Field
  Game: 8
    Home: Pittsburgh Pirates
    Away: Atlanta Braves
    Time: 12pm CST
    Location: Pittsburgh Pirates Field
  Game: 9
    Home: Colorado Rockies
    Away: Washington Nationals
    Time: 12pm CST
    Location: Colorado Rockies Field
  Game: 10
    Home: Arizona Diamondbacks
    Away: New York Mets
    Time: 12pm CST
    Location: Arizona Diamondbacks Field
  Game: 11
    Home: St. Louis Cardinals
    Away: Cincinnati Reds
    Time: 12pm CST
    Location: St. Louis Cardinals Field
  Game: 12
    Home: Detroit Tigers
    Away: Toronto Blue Jays
    Time: 12pm CST
    Location: Detroit Tigers Field
  Game: 13
    Home: Chicago Cubs
    Away: Philadelphia Phillies
    Time: 12pm CST
    Location: Chicago Cubs Field
  Game: 14
    Home: Tampa Bay Rays
    Away: Milwaukee Brewers
    Time: 12pm CST
    Location: Tampa Bay Rays Field
  Game: 15
    Home: Los Angeles Angels of Anaheim
    Away: Texas Rangers
    Time: 12pm CST
    Location: Los Angeles Angels of Anaheim Field
  Game: 16
    Home: Cincinnati Reds
    Away: Atlanta Braves
    Time: 12pm CST
    Location: Cincinnati Reds Field
  Game: 17
    Home: Colorado Rockies
    Away: New York Mets
    Time: 12pm CST
    Location: Colorado Rockies Field
  Game: 18
    Home: Chicago White Sox
    Away: Chicago Cubs
    Time: 12pm CST
    Location: Chicago White Sox Field
  Game: 19
    Home: Detroit Tigers
    Away: Seattle Mariners
    Time: 12pm CST
    Location: Detroit Tigers Field
  Game: 20
    Home: Los Angeles Dodgers
    Away: New York Yankees
    Time: 12pm CST
    Location: Los Angeles Dodgers Field
Day: 2
  Game: 0
    Home: Texas Rangers
    Away: Seattle Mariners
    Time: 12pm CST
    Location: Texas Rangers Field
  Game: 1
    Home: Cleveland Indians
    Away: Oakland Athletics
    Time: 12pm CST
    Location: Cleveland Indians Field
  Game: 2
    Home: Tampa Bay Rays
    Away: Chicago White Sox
    Time: 12pm CST
    Location: Tampa Bay Rays Field
  Game: 3
    Home: Los Angeles Angels of Anaheim
    Away: Minnesota Twins
    Time: 12pm CST
    Location: Los Angeles Angels of Anaheim Field
  Game: 4
    Home: Houston Astros
    Away: Detroit Tigers
    Time: 12pm CST
    Location: Houston Astros Field
  Game: 5
    Home: Baltimore Orioles
    Away: New York Yankees
    Time: 12pm CST
    Location: Baltimore Orioles Field
  Game: 6
    Home: Toronto Blue Jays
    Away: Boston Red Sox
    Time: 12pm CST
    Location: Toronto Blue Jays Field
  Game: 7
    Home: San Francisco Giants
    Away: San Diego Padres
    Time: 12pm CST
    Location: San Francisco Giants Field
  Game: 8
    Home: Miami Marlins
    Away: Los Angeles Dodgers
    Time: 12pm CST
    Location: Miami Marlins Field
  Game: 9
    Home: Pittsburgh Pirates
    Away: Atlanta Braves
    Time: 12pm CST
    Location: Pittsburgh Pirates Field
  Game: 10
    Home: Colorado Rockies
    Away: Washington Nationals
    Time: 12pm CST
    Location: Colorado Rockies Field
  Game: 11
    Home: Arizona Diamondbacks
    Away: New York Mets
    Time: 12pm CST
    Location: Arizona Diamondbacks Field
  Game: 12
    Home: Chicago Cubs
    Away: Milwaukee Brewers
    Time: 12pm CST
    Location: Chicago Cubs Field
  Game: 13
    Home: St. Louis Cardinals
    Away: Cincinnati Reds
    Time: 12pm CST
    Location: St. Louis Cardinals Field
  Game: 14
    Home: Detroit Tigers
    Away: Toronto Blue Jays
    Time: 12pm CST
    Location: Detroit Tigers Field
  Game: 15
    Home: Chicago Cubs
    Away: Philadelphia Phillies
    Time: 12pm CST
    Location: Chicago Cubs Field
  Game: 16
    Home: Tampa Bay Rays
    Away: Milwaukee Brewers
    Time: 12pm CST
    Location: Tampa Bay Rays Field
  Game: 17
    Home: Los Angeles Angels of Anaheim
    Away: Texas Rangers
    Time: 12pm CST
    Location: Los Angeles Angels of Anaheim Field
  Game: 18
    Home: Cincinnati Reds
    Away: Atlanta Braves
    Time: 12pm CST
    Location: Cincinnati Reds Field
  Game: 19
    Home: Colorado Rockies
    Away: New York Mets
    Time: 12pm CST
    Location: Colorado Rockies Field
  Game: 20
    Home: Chicago White Sox
    Away: Chicago Cubs
    Time: 12pm CST
    Location: Chicago White Sox Field
  Game: 21
    Home: Arizona Diamondbacks
    Away: Oakland Athletics
    Time: 12pm CST
    Location: Arizona Diamondbacks Field
  Game: 22
    Home: Detroit Tigers
    Away: Seattle Mariners
    Time: 12pm CST
    Location: Detroit Tigers Field
  Game: 23
    Home: Los Angeles Dodgers
    Away: New York Yankees
    Time: 12pm CST
    Location: Los Angeles Dodgers Field
  Game: 24
    Home: Pittsburgh Pirates
    Away: Houston Astros
    Time: 12pm CST
    Location: Pittsburgh Pirates Field
Day: 3
  Game: 0
    Home: Texas Rangers
    Away: Seattle Mariners
    Time: 12pm CST
    Location: Texas Rangers Field
  Game: 1
    Home: Cleveland Indians
    Away: Oakland Athletics
    Time: 12pm CST
    Location: Cleveland Indians Field
  Game: 2
    Home: Tampa Bay Rays
    Away: Chicago White Sox
    Time: 12pm CST
    Location: Tampa Bay Rays Field
  Game: 3
    Home: Los Angeles Angels of Anaheim
    Away: Minnesota Twins
    Time: 12pm CST
    Location: Los Angeles Angels of Anaheim Field
  Game: 4
    Home: Houston Astros
    Away: Detroit Tigers
    Time: 12pm CST
    Location: Houston Astros Field
  Game: 5
    Home: Baltimore Orioles
    Away: New York Yankees
    Time: 12pm CST
    Location: Baltimore Orioles Field
  Game: 6
    Home: Toronto Blue Jays
    Away: Boston Red Sox
    Time: 12pm CST
    Location: Toronto Blue Jays Field
  Game: 7
    Home: San Francisco Giants
    Away: San Diego Padres
    Time: 12pm CST
    Location: San Francisco Giants Field
  Game: 8
    Home: Miami Marlins
    Away: Los Angeles Dodgers
    Time: 12pm CST
    Location: Miami Marlins Field
  Game: 9
    Home: Pittsburgh Pirates
    Away: Atlanta Braves
    Time: 12pm CST
    Location: Pittsburgh Pirates Field
  Game: 10
    Home: Colorado Rockies
    Away: Washington Nationals
    Time: 12pm CST
    Location: Colorado Rockies Field
  Game: 11
    Home: Arizona Diamondbacks
    Away: New York Mets
    Time: 12pm CST
    Location: Arizona Diamondbacks Field
  Game: 12
    Home: Chicago Cubs
    Away: Milwaukee Brewers
    Time: 12pm CST
    Location: Chicago Cubs Field
  Game: 13
    Home: St. Louis Cardinals
    Away: Cincinnati Reds
    Time: 12pm CST
    Location: St. Louis Cardinals Field
  Game: 14
    Home: Detroit Tigers
    Away: Toronto Blue Jays
    Time: 12pm CST
    Location: Detroit Tigers Field
  Game: 15
    Home: Chicago Cubs
    Away: Philadelphia Phillies
    Time: 12pm CST
    Location: Chicago Cubs Field
  Game: 16
    Home: Tampa Bay Rays
    Away: Milwaukee Brewers
    Time: 12pm CST
    Location: Tampa Bay Rays Field
  Game: 17
    Home: Los Angeles Angels of Anaheim
    Away: Texas Rangers
    Time: 12pm CST
    Location: Los Angeles Angels of Anaheim Field
  Game: 18
    Home: Cincinnati Reds
    Away: Atlanta Braves
    Time: 12pm CST
    Location: Cincinnati Reds Field
  Game: 19
    Home: Colorado Rockies
    Away: New York Mets
    Time: 12pm CST
    Location: Colorado Rockies Field
  Game: 20
    Home: Chicago White Sox
    Away: Chicago Cubs
    Time: 12pm CST
    Location: Chicago White Sox Field
  Game: 21
    Home: Arizona Diamondbacks
    Away: Oakland Athletics
    Time: 12pm CST
    Location: Arizona Diamondbacks Field
  Game: 22
    Home: Detroit Tigers
    Away: Seattle Mariners
    Time: 12pm CST
    Location: Detroit Tigers Field
  Game: 23
    Home: Los Angeles Dodgers
    Away: New York Yankees
    Time: 12pm CST
    Location: Los Angeles Dodgers Field
  Game: 24
    Home: Pittsburgh Pirates
    Away: Houston Astros
    Time: 12pm CST
    Location: Pittsburgh Pirates Field
Day: 4
  Game: 0
    Home: Cleveland Indians
    Away: Houston Astros
    Time: 12pm CST
    Location: Cleveland Indians Field
  Game: 1
    Home: Tampa Bay Rays
    Away: Toronto Blue Jays
    Time: 12pm CST
    Location: Tampa Bay Rays Field
  Game: 2
    Home: Oakland Athletics
    Away: Kansas City Royals
    Time: 12pm CST
    Location: Oakland Athletics Field
  Game: 3
    Home: Seattle Mariners
    Away: Minnesota Twins
    Time: 12pm CST
    Location: Seattle Mariners Field
  Game: 4
    Home: Baltimore Orioles
    Away: New York Yankees
    Time: 12pm CST
    Location: Baltimore Orioles Field
  Game: 5
    Home: Miami Marlins
    Away: Arizona Diamondbacks
    Time: 12pm CST
    Location: Miami Marlins Field
  Game: 6
    Home: Pittsburgh Pirates
    Away: St. Louis Cardinals
    Time: 12pm CST
    Location: Pittsburgh Pirates Field
  Game: 7
    Home: Los Angeles Dodgers
    Away: Philadelphia Phillies
    Time: 12pm CST
    Location: Los Angeles Dodgers Field
  Game: 8
    Home: San Diego Padres
    Away: Washington Nationals
    Time: 12pm CST
    Location: San Diego Padres Field
  Game: 9
    Home: Chicago Cubs
    Away: Milwaukee Brewers
    Time: 12pm CST
    Location: Chicago Cubs Field
  Game: 10
    Home: St. Louis Cardinals
    Away: Texas Rangers
    Time: 12pm CST
    Location: St. Louis Cardinals Field
  Game: 11
    Home: Pittsburgh Pirates
    Away: Philadelphia Phillies
    Time: 12pm CST
    Location: Pittsburgh Pirates Field
  Game: 12
    Home: Boston Red Sox
    Away: Chicago White Sox
    Time: 12pm CST
    Location: Boston Red Sox Field
  Game: 13
    Home: Minnesota Twins
    Away: Cleveland Indians
    Time: 12pm CST
    Location: Minnesota Twins Field
  Game: 14
    Home: Colorado Rockies
    Away: New York Mets
    Time: 12pm CST
    Location: Colorado Rockies Field
  Game: 15
    Home: Arizona Diamondbacks
    Away: Oakland Athletics
    Time: 12pm CST
    Location: Arizona Diamondbacks Field
  Game: 16
    Home: Los Angeles Dodgers
    Away: New York Yankees
    Time: 12pm CST
    Location: Los Angeles Dodgers Field
  Game: 17
    Home: Pittsburgh Pirates
    Away: Houston Astros
    Time: 12pm CST
    Location: Pittsburgh Pirates Field
Day: 5
  Game: 0
    Home: Cleveland Indians
    Away: Houston Astros
    Time: 12pm CST
    Location: Cleveland Indians Field
  Game: 1
    Home: Tampa Bay Rays
    Away: Toronto Blue Jays
    Time: 12pm CST
    Location: Tampa Bay Rays Field
  Game: 2
    Home: Oakland Athletics
    Away: Kansas City Royals
    Time: 12pm CST
    Location: Oakland Athletics Field
  Game: 3
    Home: Seattle Mariners
    Away: Minnesota Twins
    Time: 12pm CST
    Location: Seattle Mariners Field
  Game: 4
    Home: Detroit Tigers
    Away: Texas Rangers
    Time: 12pm CST
    Location: Detroit Tigers Field
  Game: 5
    Home: Chicago White Sox
    Away: New York Yankees
    Time: 12pm CST
    Location: Chicago White Sox Field
  Game: 6
    Home: Baltimore Orioles
    Away: Boston Red Sox
    Time: 12pm CST
    Location: Baltimore Orioles Field
  Game: 7
    Home: Miami Marlins
    Away: Arizona Diamondbacks
    Time: 12pm CST
    Location: Miami Marlins Field
  Game: 8
    Home: Pittsburgh Pirates
    Away: St. Louis Cardinals
    Time: 12pm CST
    Location: Pittsburgh Pirates Field
  Game: 9
    Home: Los Angeles Dodgers
    Away: Philadelphia Phillies
    Time: 12pm CST
    Location: Los Angeles Dodgers Field
  Game: 10
    Home: San Diego Padres
    Away: Washington Nationals
    Time: 12pm CST
    Location: San Diego Padres Field
  Game: 11
    Home: New York Mets
    Away: San Francisco Giants
    Time: 12pm CST
    Location: New York Mets Field
  Game: 12
    Home: Atlanta Braves
    Away: Milwaukee Brewers
    Time: 12pm CST
    Location: Atlanta Braves Field
  Game: 13
    Home: Chicago Cubs
    Away: Cincinnati Reds
    Time: 12pm CST
    Location: Chicago Cubs Field
  Game: 14
    Home: St. Louis Cardinals
    Away: Texas Rangers
    Time: 12pm CST
    Location: St. Louis Cardinals Field
  Game: 15
    Home: Pittsburgh Pirates
    Away: Philadelphia Phillies
    Time: 12pm CST
    Location: Pittsburgh Pirates Field
  Game: 16
    Home: Boston Red Sox
    Away: Chicago White Sox
    Time: 12pm CST
    Location: Boston Red Sox Field
  Game: 17
    Home: Chicago Cubs
    Away: Detroit Tigers
    Time: 12pm CST
    Location: Chicago Cubs Field
  Game: 18
    Home: Minnesota Twins
    Away: Cleveland Indians
    Time: 12pm CST
    Location: Minnesota Twins Field
  Game: 19
    Home: Philadelphia Phillies
    Away: San Francisco Giants
    Time: 12pm CST
    Location: Philadelphia Phillies Field
  Game: 20
    Home: Texas Rangers
    Away: Baltimore Orioles
    Time: 12pm CST
    Location: Texas Rangers Field
  Game: 21
    Home: Pittsburgh Pirates
    Away: Houston Astros
    Time: 12pm CST
    Location: Pittsburgh Pirates Field
  Game: 22
    Home: Kansas City Royals
    Away: Los Angeles Angels of Anaheim
    Time: 12pm CST
    Location: Kansas City Royals Field
  Game: 23
    Home: St. Louis Cardinals
    Away: Tampa Bay Rays
    Time: 12pm CST
    Location: St. Louis Cardinals Field
Day: 6
  Game: 0
    Home: Cleveland Indians
    Away: Houston Astros
    Time: 12pm CST
    Location: Cleveland Indians Field
  Game: 1
    Home: Tampa Bay Rays
    Away: Toronto Blue Jays
    Time: 12pm CST
    Location: Tampa Bay Rays Field
  Game: 2
    Home: Oakland Athletics
    Away: Kansas City Royals
    Time: 12pm CST
    Location: Oakland Athletics Field
  Game: 3
    Home: Seattle Mariners
    Away: Minnesota Twins
    Time: 12pm CST
    Location: Seattle Mariners Field
  Game: 4
    Home: Detroit Tigers
    Away: Texas Rangers
    Time: 12pm CST
    Location: Detroit Tigers Field
  Game: 5
    Home: Chicago White Sox
    Away: New York Yankees
    Time: 12pm CST
    Location: Chicago White Sox Field
  Game: 6
    Home: Baltimore Orioles
    Away: Boston Red Sox
    Time: 12pm CST
    Location: Baltimore Orioles Field
  Game: 7
    Home: Miami Marlins
    Away: Arizona Diamondbacks
    Time: 12pm CST
    Location: Miami Marlins Field
  Game: 8
    Home: Pittsburgh Pirates
    Away: St. Louis Cardinals
    Time: 12pm CST
    Location: Pittsburgh Pirates Field
  Game: 9
    Home: Los Angeles Dodgers
    Away: Philadelphia Phillies
    Time: 12pm CST
    Location: Los Angeles Dodgers Field
  Game: 10
    Home: San Diego Padres
    Away: Washington Nationals
    Time: 12pm CST
    Location: San Diego Padres Field
  Game: 11
    Home: New York Mets
    Away: San Francisco Giants
    Time: 12pm CST
    Location: New York Mets Field
  Game: 12
    Home: Atlanta Braves
    Away: Milwaukee Brewers
    Time: 12pm CST
    Location: Atlanta Braves Field
  Game: 13
    Home: Chicago Cubs
    Away: Cincinnati Reds
    Time: 12pm CST
    Location: Chicago Cubs Field
  Game: 14
    Home: Cincinnati Reds
    Away: Los Angeles Angels of Anaheim
    Time: 12pm CST
    Location: Cincinnati Reds Field
  Game: 15
    Home: St. Louis Cardinals
    Away: Texas Rangers
    Time: 12pm CST
    Location: St. Louis Cardinals Field
  Game: 16
    Home: Pittsburgh Pirates
    Away: Philadelphia Phillies
    Time: 12pm CST
    Location: Pittsburgh Pirates Field
  Game: 17
    Home: San Diego Padres
    Away: Los Angeles Dodgers
    Time: 12pm CST
    Location: San Diego Padres Field
  Game: 18
    Home: Boston Red Sox
    Away: Chicago White Sox
    Time: 12pm CST
    Location: Boston Red Sox Field
  Game: 19
    Home: Chicago Cubs
    Away: Detroit Tigers
    Time: 12pm CST
    Location: Chicago Cubs Field
  Game: 20
    Home: Oakland Athletics
    Away: Los Angeles Dodgers
    Time: 12pm CST
    Location: Oakland Athletics Field
  Game: 21
    Home: Houston Astros
    Away: San Diego Padres
    Time: 12pm CST
    Location: Houston Astros Field
  Game: 22
    Home: New York Mets
    Away: Colorado Rockies
    Time: 12pm CST
    Location: New York Mets Field
  Game: 23
    Home: Minnesota Twins
    Away: Cleveland Indians
    Time: 12pm CST
    Location: Minnesota Twins Field
  Game: 24
    Home: Philadelphia Phillies
    Away: San Francisco Giants
    Time: 12pm CST
    Location: Philadelphia Phillies Field
  Game: 25
    Home: Texas Rangers
    Away: Baltimore Orioles
    Time: 12pm CST
    Location: Texas Rangers Field
  Game: 26
    Home: Kansas City Royals
    Away: Los Angeles Angels of Anaheim
    Time: 12pm CST
    Location: Kansas City Royals Field
  Game: 27
    Home: St. Louis Cardinals
    Away: Tampa Bay Rays
    Time: 12pm CST
    Location: St. Louis Cardinals Field
Day: 7
  Game: 0
    Home: Oakland Athletics
    Away: Cleveland Indians
    Time: 12pm CST
    Location: Oakland Athletics Field
  Game: 1
    Home: Detroit Tigers
    Away: Texas Rangers
    Time: 12pm CST
    Location: Detroit Tigers Field
  Game: 2
    Home: Minnesota Twins
    Away: Los Angeles Angels of Anaheim
    Time: 12pm CST
    Location: Minnesota Twins Field
  Game: 3
    Home: Chicago White Sox
    Away: New York Yankees
    Time: 12pm CST
    Location: Chicago White Sox Field
  Game: 4
    Home: Baltimore Orioles
    Away: Boston Red Sox
    Time: 12pm CST
    Location: Baltimore Orioles Field
  Game: 5
    Home: Kansas City Royals
    Away: Tampa Bay Rays
    Time: 12pm CST
    Location: Kansas City Royals Field
  Game: 6
    Home: Los Angeles Dodgers
    Away: Miami Marlins
    Time: 12pm CST
    Location: Los Angeles Dodgers Field
  Game: 7
    Home: New York Mets
    Away: San Francisco Giants
    Time: 12pm CST
    Location: New York Mets Field
  Game: 8
    Home: Washington Nationals
    Away: Colorado Rockies
    Time: 12pm CST
    Location: Washington Nationals Field
  Game: 9
    Home: Atlanta Braves
    Away: Milwaukee Brewers
    Time: 12pm CST
    Location: Atlanta Braves Field
  Game: 10
    Home: Chicago Cubs
    Away: Cincinnati Reds
    Time: 12pm CST
    Location: Chicago Cubs Field
  Game: 11
    Home: Philadelphia Phillies
    Away: Pittsburgh Pirates
    Time: 12pm CST
    Location: Philadelphia Phillies Field
  Game: 12
    Home: Cincinnati Reds
    Away: Los Angeles Angels of Anaheim
    Time: 12pm CST
    Location: Cincinnati Reds Field
  Game: 13
    Home: Philadelphia Phillies
    Away: Seattle Mariners
    Time: 12pm CST
    Location: Philadelphia Phillies Field
  Game: 14
    Home: San Diego Padres
    Away: Los Angeles Dodgers
    Time: 12pm CST
    Location: San Diego Padres Field
  Game: 15
    Home: St. Louis Cardinals
    Away: Miami Marlins
    Time: 12pm CST
    Location: St. Louis Cardinals Field
  Game: 16
    Home: Chicago Cubs
    Away: Detroit Tigers
    Time: 12pm CST
    Location: Chicago Cubs Field
  Game: 17
    Home: Oakland Athletics
    Away: Los Angeles Dodgers
    Time: 12pm CST
    Location: Oakland Athletics Field
  Game: 18
    Home: Houston Astros
    Away: San Diego Padres
    Time: 12pm CST
    Location: Houston Astros Field
  Game: 19
    Home: New York Mets
    Away: Colorado Rockies
    Time: 12pm CST
    Location: New York Mets Field
  Game: 20
    Home: Philadelphia Phillies
    Away: San Francisco Giants
    Time: 12pm CST
    Location: Philadelphia Phillies Field
  Game: 21
    Home: Texas Rangers
    Away: Baltimore Orioles
    Time: 12pm CST
    Location: Texas Rangers Field
  Game: 22
    Home: Kansas City Royals
    Away: Los Angeles Angels of Anaheim
    Time: 12pm CST
    Location: Kansas City Royals Field
  Game: 23
    Home: St. Louis Cardinals
    Away: Tampa Bay Rays
    Time: 12pm CST
    Location: St. Louis Cardinals Field
Day: 8
  Game: 0
    Home: Texas Rangers
    Away: Seattle Mariners
    Time: 12pm CST
    Location: Texas Rangers Field
  Game: 1
    Home: Boston Red Sox
    Away: Chicago White Sox
    Time: 12pm CST
    Location: Boston Red Sox Field
  Game: 2
    Home: Oakland Athletics
    Away: Cleveland Indians
    Time: 12pm CST
    Location: Oakland Athletics Field
  Game: 3
    Home: Minnesota Twins
    Away: Los Angeles Angels of Anaheim
    Time: 12pm CST
    Location: Minnesota Twins Field
  Game: 4
    Home: Kansas City Royals
    Away: Tampa Bay Rays
    Time: 12pm CST
    Location: Kansas City Royals Field
  Game: 5
    Home: San Francisco Giants
    Away: San Diego Padres
    Time: 12pm CST
    Location: San Francisco Giants Field
  Game: 6
    Home: Cincinnati Reds
    Away: Atlanta Braves
    Time: 12pm CST
    Location: Cincinnati Reds Field
  Game: 7
    Home: Los Angeles Dodgers
    Away: Miami Marlins
    Time: 12pm CST
    Location: Los Angeles Dodgers Field
  Game: 8
    Home: Washington Nationals
    Away: Colorado Rockies
    Time: 12pm CST
    Location: Washington Nationals Field
  Game: 9
    Home: Philadelphia Phillies
    Away: Pittsburgh Pirates
    Time: 12pm CST
    Location: Philadelphia Phillies Field
  Game: 10
    Home: Houston Astros
    Away: Toronto Blue Jays
    Time: 12pm CST
    Location: Houston Astros Field
  Game: 11
    Home: Cincinnati Reds
    Away: Los Angeles Angels of Anaheim
    Time: 12pm CST
    Location: Cincinnati Reds Field
  Game: 12
    Home: Philadelphia Phillies
    Away: Seattle Mariners
    Time: 12pm CST
    Location: Philadelphia Phillies Field
  Game: 13
    Home: San Diego Padres
    Away: Los Angeles Dodgers
    Time: 12pm CST
    Location: San Diego Padres Field
  Game: 14
    Home: St. Louis Cardinals
    Away: Miami Marlins
    Time: 12pm CST
    Location: St. Louis Cardinals Field
  Game: 15
    Home: Chicago Cubs
    Away: Detroit Tigers
    Time: 12pm CST
    Location: Chicago Cubs Field
  Game: 16
    Home: Oakland Athletics
    Away: Los Angeles Dodgers
    Time: 12pm CST
    Location: Oakland Athletics Field
  Game: 17
    Home: Miami Marlins
    Away: Kansas City Royals
    Time: 12pm CST
    Location: Miami Marlins Field
  Game: 18
    Home: Houston Astros
    Away: San Diego Padres
    Time: 12pm CST
    Location: Houston Astros Field
  Game: 19
    Home: New York Mets
    Away: Colorado Rockies
    Time: 12pm CST
    Location: New York Mets Field
  Game: 20
    Home: Texas Rangers
    Away: Baltimore Orioles
    Time: 12pm CST
    Location: Texas Rangers Field
Day: 9
  Game: 0
    Home: Texas Rangers
    Away: Seattle Mariners
    Time: 12pm CST
    Location: Texas Rangers Field
  Game: 1
    Home: Detroit Tigers
    Away: Baltimore Orioles
    Time: 12pm CST
    Location: Detroit Tigers Field
  Game: 2
    Home: Boston Red Sox
    Away: Chicago White Sox
    Time: 12pm CST
    Location: Boston Red Sox Field
  Game: 3
    Home: Oakland Athletics
    Away: Cleveland Indians
    Time: 12pm CST
    Location: Oakland Athletics Field
  Game: 4
    Home: Minnesota Twins
    Away: Los Angeles Angels of Anaheim
    Time: 12pm CST
    Location: Minnesota Twins Field
  Game: 5
    Home: Kansas City Royals
    Away: Tampa Bay Rays
    Time: 12pm CST
    Location: Kansas City Royals Field
  Game: 6
    Home: San Francisco Giants
    Away: San Diego Padres
    Time: 12pm CST
    Location: San Francisco Giants Field
  Game: 7
    Home: New York Mets
    Away: Chicago Cubs
    Time: 12pm CST
    Location: New York Mets Field
  Game: 8
    Home: Cincinnati Reds
    Away: Atlanta Braves
    Time: 12pm CST
    Location: Cincinnati Reds Field
  Game: 9
    Home: Los Angeles Dodgers
    Away: Miami Marlins
    Time: 12pm CST
    Location: Los Angeles Dodgers Field
  Game: 10
    Home: Washington Nationals
    Away: Colorado Rockies
    Time: 12pm CST
    Location: Washington Nationals Field
  Game: 11
    Home: Philadelphia Phillies
    Away: Pittsburgh Pirates
    Time: 12pm CST
    Location: Philadelphia Phillies Field
  Game: 12
    Home: Houston Astros
    Away: Toronto Blue Jays
    Time: 12pm CST
    Location: Houston Astros Field
  Game: 13
    Home: Philadelphia Phillies
    Away: Seattle Mariners
    Time: 12pm CST
    Location: Philadelphia Phillies Field
  Game: 14
    Home: St. Louis Cardinals
    Away: Miami Marlins
    Time: 12pm CST
    Location: St. Louis Cardinals Field
  Game: 15
    Home: Miami Marlins
    Away: Kansas City Royals
    Time: 12pm CST
    Location: Miami Marlins Field
Day: 10
  Game: 0
    Home: New York Yankees
    Away: Houston Astros
    Time: 12pm CST
    Location: New York Yankees Field
  Game: 1
    Home: Texas Rangers
    Away: Seattle Mariners
    Time: 12pm CST
    Location: Texas Rangers Field
  Game: 2
    Home: Detroit Tigers
    Away: Baltimore Orioles
    Time: 12pm CST
    Location: Detroit Tigers Field
  Game: 3
    Home: Boston Red Sox
    Away: Chicago White Sox
    Time: 12pm CST
    Location: Boston Red Sox Field
  Game: 4
    Home: Los Angeles Angels of Anaheim
    Away: Kansas City Royals
    Time: 12pm CST
    Location: Los Angeles Angels of Anaheim Field
  Game: 5
    Home: Toronto Blue Jays
    Away: Cleveland Indians
    Time: 12pm CST
    Location: Toronto Blue Jays Field
  Game: 6
    Home: Milwaukee Brewers
    Away: Arizona Diamondbacks
    Time: 12pm CST
    Location: Milwaukee Brewers Field
  Game: 7
    Home: San Francisco Giants
    Away: San Diego Padres
    Time: 12pm CST
    Location: San Francisco Giants Field
  Game: 8
    Home: New York Mets
    Away: Chicago Cubs
    Time: 12pm CST
    Location: New York Mets Field
  Game: 9
    Home: Cincinnati Reds
    Away: Atlanta Braves
    Time: 12pm CST
    Location: Cincinnati Reds Field
  Game: 10
    Home: Colorado Rockies
    Away: Philadelphia Phillies
    Time: 12pm CST
    Location: Colorado Rockies Field
  Game: 11
    Home: St. Louis Cardinals
    Away: Miami Marlins
    Time: 12pm CST
    Location: St. Louis Cardinals Field
  Game: 12
    Home: Houston Astros
    Away: Toronto Blue Jays
    Time: 12pm CST
    Location: Houston Astros Field
  Game: 13
    Home: Miami Marlins
    Away: Kansas City Royals
    Time: 12pm CST
    Location: Miami Marlins Field
Day: 11
  Game: 0
    Home: New York Yankees
    Away: Houston Astros
    Time: 12pm CST
    Location: New York Yankees Field
  Game: 1
    Home: Minnesota Twins
    Away: Oakland Athletics
    Time: 12pm CST
    Location: Minnesota Twins Field
  Game: 2
    Home: Detroit Tigers
    Away: Baltimore Orioles
    Time: 12pm CST
    Location: Detroit Tigers Field
  Game: 3
    Home: Los Angeles Angels of Anaheim
    Away: Kansas City Royals
    Time: 12pm CST
    Location: Los Angeles Angels of Anaheim Field
  Game: 4
    Home: Toronto Blue Jays
    Away: Cleveland Indians
    Time: 12pm CST
    Location: Toronto Blue Jays Field
  Game: 5
    Home: Milwaukee Brewers
    Away: Arizona Diamondbacks
    Time: 12pm CST
    Location: Milwaukee Brewers Field
  Game: 6
    Home: Washington Nationals
    Away: Los Angeles Dodgers
    Time: 12pm CST
    Location: Washington Nationals Field
  Game: 7
    Home: New York Mets
    Away: Chicago Cubs
    Time: 12pm CST
    Location: New York Mets Field
  Game: 8
    Home: Colorado Rockies
    Away: Philadelphia Phillies
    Time: 12pm CST
    Location: Colorado Rockies Field
  Game: 9
    Home: St. Louis Cardinals
    Away: Miami Marlins
    Time: 12pm CST
    Location: St. Louis Cardinals Field
  Game: 10
    Home: Toronto Blue Jays
    Away: Arizona Diamondbacks
    Time: 12pm CST
    Location: Toronto Blue Jays Field
Day: 12
  Game: 0
    Home: New York Yankees
    Away: Houston Astros
    Time: 12pm CST
    Location: New York Yankees Field
  Game: 1
    Home: Minnesota Twins
    Away: Oakland Athletics
    Time: 12pm CST
    Location: Minnesota Twins Field
  Game: 2
    Home: Los Angeles Angels of Anaheim
    Away: Kansas City Royals
    Time: 12pm CST
    Location: Los Angeles Angels of Anaheim Field
  Game: 3
    Home: Toronto Blue Jays
    Away: Cleveland Indians
    Time: 12pm CST
    Location: Toronto Blue Jays Field
  Game: 4
    Home: Chicago White Sox
    Away: Tampa Bay Rays
    Time: 12pm CST
    Location: Chicago White Sox Field
  Game: 5
    Home: Milwaukee Brewers
    Away: Arizona Diamondbacks
    Time: 12pm CST
    Location: Milwaukee Brewers Field
  Game: 6
    Home: Washington Nationals
    Away: Los Angeles Dodgers
    Time: 12pm CST
    Location: Washington Nationals Field
  Game: 7
    Home: Colorado Rockies
    Away: Philadelphia Phillies
    Time: 12pm CST
    Location: Colorado Rockies Field
  Game: 8
    Home: St. Louis Cardinals
    Away: Miami Marlins
    Time: 12pm CST
    Location: St. Louis Cardinals Field
  Game: 9
    Home: Atlanta Braves
    Away: Pittsburgh Pirates
    Time: 12pm CST
    Location: Atlanta Braves Field
  Game: 10
    Home: Los Angeles Dodgers
    Away: Baltimore Orioles
    Time: 12pm CST
    Location: Los Angeles Dodgers Field
  Game: 11
    Home: Chicago White Sox
    Away: Boston Red Sox
    Time: 12pm CST
    Location: Chicago White Sox Field
  Game: 12
    Home: San Francisco Giants
    Away: Atlanta Braves
    Time: 12pm CST
    Location: San Francisco Giants Field
  Game: 13
    Home: Toronto Blue Jays
    Away: Arizona Diamondbacks
    Time: 12pm CST
    Location: Toronto Blue Jays Field
Day: 13
  Game: 0
    Home: New York Yankees
    Away: Toronto Blue Jays
    Time: 12pm CST
    Location: New York Yankees Field
  Game: 1
    Home: Minnesota Twins
    Away: Oakland Athletics
    Time: 12pm CST
    Location: Minnesota Twins Field
  Game: 2
    Home: Kansas City Royals
    Away: Baltimore Orioles
    Time: 12pm CST
    Location: Kansas City Royals Field
  Game: 3
    Home: Boston Red Sox
    Away: Detroit Tigers
    Time: 12pm CST
    Location: Boston Red Sox Field
  Game: 4
    Home: Houston Astros
    Away: Texas Rangers
    Time: 12pm CST
    Location: Houston Astros Field
  Game: 5
    Home: Seattle Mariners
    Away: Los Angeles Angels of Anaheim
    Time: 12pm CST
    Location: Seattle Mariners Field
  Game: 6
    Home: Chicago White Sox
    Away: Tampa Bay Rays
    Time: 12pm CST
    Location: Chicago White Sox Field
  Game: 7
    Home: Milwaukee Brewers
    Away: St. Louis Cardinals
    Time: 12pm CST
    Location: Milwaukee Brewers Field
  Game: 8
    Home: Washington Nationals
    Away: Los Angeles Dodgers
    Time: 12pm CST
    Location: Washington Nationals Field
  Game: 9
    Home: Philadelphia Phillies
    Away: Chicago Cubs
    Time: 12pm CST
    Location: Philadelphia Phillies Field
  Game: 10
    Home: Cincinnati Reds
    Away: New York Mets
    Time: 12pm CST
    Location: Cincinnati Reds Field
  Game: 11
    Home: Arizona Diamondbacks
    Away: San Francisco Giants
    Time: 12pm CST
    Location: Arizona Diamondbacks Field
  Game: 12
    Home: San Diego Padres
    Away: Colorado Rockies
    Time: 12pm CST
    Location: San Diego Padres Field
  Game: 13
    Home: Atlanta Braves
    Away: Pittsburgh Pirates
    Time: 12pm CST
    Location: Atlanta Braves Field
  Game: 14
    Home: Los Angeles Dodgers
    Away: Baltimore Orioles
    Time: 12pm CST
    Location: Los Angeles Dodgers Field
  Game: 15
    Home: Chicago White Sox
    Away: Boston Red Sox
    Time: 12pm CST
    Location: Chicago White Sox Field
  Game: 16
    Home: Colorado Rockies
    Away: Philadelphia Phillies
    Time: 12pm CST
    Location: Colorado Rockies Field
  Game: 17
    Home: San Francisco Giants
    Away: Atlanta Braves
    Time: 12pm CST
    Location: San Francisco Giants Field
  Game: 18
    Home: Cleveland Indians
    Away: Arizona Diamondbacks
    Time: 12pm CST
    Location: Cleveland Indians Field
  Game: 19
    Home: Baltimore Orioles
    Away: Detroit Tigers
    Time: 12pm CST
    Location: Baltimore Orioles Field
  Game: 20
    Home: Toronto Blue Jays
    Away: Arizona Diamondbacks
    Time: 12pm CST
    Location: Toronto Blue Jays Field
Day: 14
  Game: 0
    Home: New York Yankees
    Away: Toronto Blue Jays
    Time: 12pm CST
    Location: New York Yankees Field
  Game: 1
    Home: Kansas City Royals
    Away: Baltimore Orioles
    Time: 12pm CST
    Location: Kansas City Royals Field
  Game: 2
    Home: Boston Red Sox
    Away: Detroit Tigers
    Time: 12pm CST
    Location: Boston Red Sox Field
  Game: 3
    Home: Houston Astros
    Away: Texas Rangers
    Time: 12pm CST
    Location: Houston Astros Field
  Game: 4
    Home: Seattle Mariners
    Away: Los Angeles Angels of Anaheim
    Time: 12pm CST
    Location: Seattle Mariners Field
  Game: 5
    Home: Chicago White Sox
    Away: Tampa Bay Rays
    Time: 12pm CST
    Location: Chicago White Sox Field
  Game: 6
    Home: Milwaukee Brewers
    Away: St. Louis Cardinals
    Time: 12pm CST
    Location: Milwaukee Brewers Field
  Game: 7
    Home: Philadelphia Phillies
    Away: Chicago Cubs
    Time: 12pm CST
    Location: Philadelphia Phillies Field
  Game: 8
    Home: Cincinnati Reds
    Away: New York Mets
    Time: 12pm CST
    Location: Cincinnati Reds Field
  Game: 9
    Home: Arizona Diamondbacks
    Away: San Francisco Giants
    Time: 12pm CST
    Location: Arizona Diamondbacks Field
  Game: 10
    Home: San Diego Padres
    Away: Colorado Rockies
    Time: 12pm CST
    Location: San Diego Padres Field
  Game: 11
    Home: Atlanta Braves
    Away: Pittsburgh Pirates
    Time: 12pm CST
    Location: Atlanta Braves Field
  Game: 12
    Home: Los Angeles Dodgers
    Away: Baltimore Orioles
    Time: 12pm CST
    Location: Los Angeles Dodgers Field
  Game: 13
    Home: Chicago White Sox
    Away: Boston Red Sox
    Time: 12pm CST
    Location: Chicago White Sox Field
  Game: 14
    Home: Colorado Rockies
    Away: Philadelphia Phillies
    Time: 12pm CST
    Location: Colorado Rockies Field
  Game: 15
    Home: San Francisco Giants
    Away: Atlanta Braves
    Time: 12pm CST
    Location: San Francisco Giants Field
  Game: 16
    Home: Cleveland Indians
    Away: Arizona Diamondbacks
    Time: 12pm CST
    Location: Cleveland Indians Field
  Game: 17
    Home: Baltimore Orioles
    Away: Detroit Tigers
    Time: 12pm CST
    Location: Baltimore Orioles Field
Day: 15
  Game: 0
    Home: New York Yankees
    Away: Toronto Blue Jays
    Time: 12pm CST
    Location: New York Yankees Field
  Game: 1
    Home: Kansas City Royals
    Away: Baltimore Orioles
    Time: 12pm CST
    Location: Kansas City Royals Field
  Game: 2
    Home: Boston Red Sox
    Away: Detroit Tigers
    Time: 12pm CST
    Location: Boston Red Sox Field
  Game: 3
    Home: Houston Astros
    Away: Texas Rangers
    Time: 12pm CST
    Location: Houston Astros Field
  Game: 4
    Home: Seattle Mariners
    Away: Los Angeles Angels of Anaheim
    Time: 12pm CST
    Location: Seattle Mariners Field
  Game: 5
    Home: Milwaukee Brewers
    Away: St. Louis Cardinals
    Time: 12pm CST
    Location: Milwaukee Brewers Field
  Game: 6
    Home: Philadelphia Phillies
    Away: Chicago Cubs
    Time: 12pm CST
    Location: Philadelphia Phillies Field
  Game: 7
    Home: Cincinnati Reds
    Away: New York Mets
    Time: 12pm CST
    Location: Cincinnati Reds Field
  Game: 8
    Home: Arizona Diamondbacks
    Away: San Francisco Giants
    Time: 12pm CST
    Location: Arizona Diamondbacks Field
  Game: 9
    Home: San Diego Padres
    Away: Colorado Rockies
    Time: 12pm CST
    Location: San Diego Padres Field
  Game: 10
    Home: Chicago White Sox
    Away: Boston Red Sox
    Time: 12pm CST
    Location: Chicago White Sox Field
  Game: 11
    Home: Colorado Rockies
    Away: Philadelphia Phillies
    Time: 12pm CST
    Location: Colorado Rockies Field
  Game: 12
    Home: Cleveland Indians
    Away: Arizona Diamondbacks
    Time: 12pm CST
    Location: Cleveland Indians Field
  Game: 13
    Home: Baltimore Orioles
    Away: Detroit Tigers
    Time: 12pm CST
    Location: Baltimore Orioles Field
Day: 16
  Game: 0
    Home: Chicago White Sox
    Away: Boston Red Sox
    Time: 12pm CST
    Location: Chicago White Sox Field
  Game: 1
    Home: New York Yankees
    Away: Cincinnati Reds
    Time: 12pm CST
    Location: New York Yankees Field
  Game: 2
    Home: Baltimore Orioles
    Away: Detroit Tigers
    Time: 12pm CST
    Location: Baltimore Orioles Field
Day: 17
  Game: 0
    Home: Miami Marlins
    Away: Houston Astros
    Time: 12pm CST
    Location: Miami Marlins Field
  Game: 1
    Home: St. Louis Cardinals
    Away: Seattle Mariners
    Time: 12pm CST
    Location: St. Louis Cardinals Field
  Game: 2
    Home: Chicago White Sox
    Away: Boston Red Sox
    Time: 12pm CST
    Location: Chicago White Sox Field
  Game: 3
    Home: Kansas City Royals
    Away: Cincinnati Reds
    Time: 12pm CST
    Location: Kansas City Royals Field
  Game: 4
    Home: New York Yankees
    Away: Cincinnati Reds
    Time: 12pm CST
    Location: New York Yankees Field
Day: 18
  Game: 0
    Home: Washington Nationals
    Away: Tampa Bay Rays
    Time: 12pm CST
    Location: Washington Nationals Field
  Game: 1
    Home: Miami Marlins
    Away: Houston Astros
    Time: 12pm CST
    Location: Miami Marlins Field
  Game: 2
    Home: St. Louis Cardinals
    Away: Seattle Mariners
    Time: 12pm CST
    Location: St. Louis Cardinals Field
  Game: 3
    Home: Chicago White Sox
    Away: Boston Red Sox
    Time: 12pm CST
    Location: Chicago White Sox Field
  Game: 4
    Home: Kansas City Royals
    Away: Cincinnati Reds
    Time: 12pm CST
    Location: Kansas City Royals Field
  Game: 5
    Home: New York Yankees
    Away: Cincinnati Reds
    Time: 12pm CST
    Location: New York Yankees Field
Day: 19
  Game: 0
    Home: Washington Nationals
    Away: Tampa Bay Rays
    Time: 12pm CST
    Location: Washington Nationals Field
  Game: 1
    Home: Miami Marlins
    Away: Houston Astros
    Time: 12pm CST
    Location: Miami Marlins Field
  Game: 2
    Home: St. Louis Cardinals
    Away: Seattle Mariners
    Time: 12pm CST
    Location: St. Louis Cardinals Field
  Game: 3
    Home: Milwaukee Brewers
    Away: New York Mets
    Time: 12pm CST
    Location: Milwaukee Brewers Field
  Game: 4
    Home: Kansas City Royals
    Away: Cincinnati Reds
    Time: 12pm CST
    Location: Kansas City Royals Field
Day: 20
  Game: 0
    Home: Washington Nationals
    Away: Tampa Bay Rays
    Time: 12pm CST
    Location: Washington Nationals Field
  Game: 1
    Home: Miami Marlins
    Away: Houston Astros
    Time: 12pm CST
    Location: Miami Marlins Field
  Game: 2
    Home: Milwaukee Brewers
    Away: New York Mets
    Time: 12pm CST
    Location: Milwaukee Brewers Field
Day: 21
  Game: 0
    Home: San Diego Padres
    Away: Tampa Bay Rays
    Time: 12pm CST
    Location: San Diego Padres Field
  Game: 1
    Home: Cincinnati Reds
    Away: Los Angeles Angels of Anaheim
    Time: 12pm CST
    Location: Cincinnati Reds Field
  Game: 2
    Home: Milwaukee Brewers
    Away: New York Mets
    Time: 12pm CST
    Location: Milwaukee Brewers Field
  Game: 3
    Home: San Francisco Giants
    Away: Arizona Diamondbacks
    Time: 12pm CST
    Location: San Francisco Giants Field
  Game: 4
    Home: Detroit Tigers
    Away: Tampa Bay Rays
    Time: 12pm CST
    Location: Detroit Tigers Field
Day: 22
  Game: 0
    Home: San Diego Padres
    Away: Tampa Bay Rays
    Time: 12pm CST
    Location: San Diego Padres Field
  Game: 1
    Home: Cincinnati Reds
    Away: Los Angeles Angels of Anaheim
    Time: 12pm CST
    Location: Cincinnati Reds Field
  Game: 2
    Home: Milwaukee Brewers
    Away: New York Mets
    Time: 12pm CST
    Location: Milwaukee Brewers Field
  Game: 3
    Home: San Francisco Giants
    Away: Arizona Diamondbacks
    Time: 12pm CST
    Location: San Francisco Giants Field
  Game: 4
    Home: Detroit Tigers
    Away: Tampa Bay Rays
    Time: 12pm CST
    Location: Detroit Tigers Field
Day: 23
  Game: 0
    Home: San Diego Padres
    Away: Tampa Bay Rays
    Time: 12pm CST
    Location: San Diego Padres Field
  Game: 1
    Home: Cincinnati Reds
    Away: Los Angeles Angels of Anaheim
    Time: 12pm CST
    Location: Cincinnati Reds Field
  Game: 2
    Home: San Francisco Giants
    Away: Arizona Diamondbacks
    Time: 12pm CST
    Location: San Francisco Giants Field
  Game: 3
    Home: Detroit Tigers
    Away: Tampa Bay Rays
    Time: 12pm CST
    Location: Detroit Tigers Field
Day: 24
  Game: 0
    Home: Detroit Tigers
    Away: Oakland Athletics
    Time: 12pm CST
    Location: Detroit Tigers Field
  Game: 1
    Home: New York Yankees
    Away: Pittsburgh Pirates
    Time: 12pm CST
    Location: New York Yankees Field
  Game: 2
    Home: Detroit Tigers
    Away: Tampa Bay Rays
    Time: 12pm CST
    Location: Detroit Tigers Field
Day: 25
  Game: 0
    Home: Detroit Tigers
    Away: Oakland Athletics
    Time: 12pm CST
    Location: Detroit Tigers Field
  Game: 1
    Home: Milwaukee Brewers
    Away: Washington Nationals
    Time: 12pm CST
    Location: Milwaukee Brewers Field
  Game: 2
    Home: New York Yankees
    Away: Pittsburgh Pirates
    Time: 12pm CST
    Location: New York Yankees Field
  Game: 3
    Home: Washington Nationals
    Away: Miami Marlins
    Time: 12pm CST
    Location: Washington Nationals Field
Day: 26
  Game: 0
    Home: Detroit Tigers
    Away: Oakland Athletics
    Time: 12pm CST
    Location: Detroit Tigers Field
  Game: 1
    Home: Milwaukee Brewers
    Away: Washington Nationals
    Time: 12pm CST
    Location: Milwaukee Brewers Field
  Game: 2
    Home: Minnesota Twins
    Away: Colorado Rockies
    Time: 12pm CST
    Location: Minnesota Twins Field
  Game: 3
    Home: New York Yankees
    Away: Pittsburgh Pirates
    Time: 12pm CST
    Location: New York Yankees Field
  Game: 4
    Home: Washington Nationals
    Away: Miami Marlins
    Time: 12pm CST
    Location: Washington Nationals Field
Day: 27
  Game: 0
    Home: Detroit Tigers
    Away: Oakland Athletics
    Time: 12pm CST
    Location: Detroit Tigers Field
  Game: 1
    Home: Milwaukee Brewers
    Away: Washington Nationals
    Time: 12pm CST
    Location: Milwaukee Brewers Field
  Game: 2
    Home: Toronto Blue Jays
    Away: Chicago Cubs
    Time: 12pm CST
    Location: Toronto Blue Jays Field
  Game: 3
    Home: Minnesota Twins
    Away: Colorado Rockies
    Time: 12pm CST
    Location: Minnesota Twins Field
  Game: 4
    Home: Washington Nationals
    Away: Miami Marlins
    Time: 12pm CST
    Location: Washington Nationals Field
Day: 28
  Game: 0
    Home: Cincinnati Reds
    Away: Oakland Athletics
    Time: 12pm CST
    Location: Cincinnati Reds Field
  Game: 1
    Home: Milwaukee Brewers
    Away: Washington Nationals
    Time: 12pm CST
    Location: Milwaukee Brewers Field
  Game: 2
    Home: Toronto Blue Jays
    Away: Chicago Cubs
    Time: 12pm CST
    Location: Toronto Blue Jays Field
  Game: 3
    Home: Minnesota Twins
    Away: Colorado Rockies
    Time: 12pm CST
    Location: Minnesota Twins Field
  Game: 4
    Home: Washington Nationals
    Away: Miami Marlins
    Time: 12pm CST
    Location: Washington Nationals Field
Day: 29
  Game: 0
    Home: Cincinnati Reds
    Away: Oakland Athletics
    Time: 12pm CST
    Location: Cincinnati Reds Field
  Game: 1
    Home: St. Louis Cardinals
    Away: Texas Rangers
    Time: 12pm CST
    Location: St. Louis Cardinals Field
  Game: 2
    Home: Minnesota Twins
    Away: New York Yankees
    Time: 12pm CST
    Location: Minnesota Twins Field
  Game: 3
    Home: Toronto Blue Jays
    Away: Chicago Cubs
    Time: 12pm CST
    Location: Toronto Blue Jays Field
  Game: 4
    Home: Seattle Mariners
    Away: Washington Nationals
    Time: 12pm CST
    Location: Seattle Mariners Field
  Game: 5
    Home: Milwaukee Brewers
    Away: Toronto Blue Jays
    Time: 12pm CST
    Location: Milwaukee Brewers Field
Day: 30
  Game: 0
    Home: Cincinnati Reds
    Away: Oakland Athletics
    Time: 12pm CST
    Location: Cincinnati Reds Field
  Game: 1
    Home: St. Louis Cardinals
    Away: Texas Rangers
    Time: 12pm CST
    Location: St. Louis Cardinals Field
  Game: 2
    Home: Minnesota Twins
    Away: New York Yankees
    Time: 12pm CST
    Location: Minnesota Twins Field
  Game: 3
    Home: Toronto Blue Jays
    Away: Chicago Cubs
    Time: 12pm CST
    Location: Toronto Blue Jays Field
  Game: 4
    Home: Seattle Mariners
    Away: Washington Nationals
    Time: 12pm CST
    Location: Seattle Mariners Field
  Game: 5
    Home: Milwaukee Brewers
    Away: Toronto Blue Jays
    Time: 12pm CST
    Location: Milwaukee Brewers Field
Day: 31
  Game: 0
    Home: Cincinnati Reds
    Away: Oakland Athletics
    Time: 12pm CST
    Location: Cincinnati Reds Field
  Game: 1
    Home: St. Louis Cardinals
    Away: Texas Rangers
    Time: 12pm CST
    Location: St. Louis Cardinals Field
  Game: 2
    Home: Minnesota Twins
    Away: New York Yankees
    Time: 12pm CST
    Location: Minnesota Twins Field
  Game: 3
    Home: Seattle Mariners
    Away: Washington Nationals
    Time: 12pm CST
    Location: Seattle Mariners Field
  Game: 4
    Home: Cleveland Indians
    Away: Minnesota Twins
    Time: 12pm CST
    Location: Cleveland Indians Field
  Game: 5
    Home: Milwaukee Brewers
    Away: Toronto Blue Jays
    Time: 12pm CST
    Location: Milwaukee Brewers Field
Day: 32
  Game: 0
    Home: St. Louis Cardinals
    Away: Seattle Mariners
    Time: 12pm CST
    Location: St. Louis Cardinals Field
  Game: 1
    Home: Cincinnati Reds
    Away: Baltimore Orioles
    Time: 12pm CST
    Location: Cincinnati Reds Field
  Game: 2
    Home: Minnesota Twins
    Away: New York Yankees
    Time: 12pm CST
    Location: Minnesota Twins Field
  Game: 3
    Home: Cleveland Indians
    Away: New York Mets
    Time: 12pm CST
    Location: Cleveland Indians Field
  Game: 4
    Home: Kansas City Royals
    Away: Atlanta Braves
    Time: 12pm CST
    Location: Kansas City Royals Field
  Game: 5
    Home: Seattle Mariners
    Away: Washington Nationals
    Time: 12pm CST
    Location: Seattle Mariners Field
  Game: 6
    Home: Atlanta Braves
    Away: St. Louis Cardinals
    Time: 12pm CST
    Location: Atlanta Braves Field
  Game: 7
    Home: Tampa Bay Rays
    Away: Pittsburgh Pirates
    Time: 12pm CST
    Location: Tampa Bay Rays Field
  Game: 8
    Home: San Diego Padres
    Away: Philadelphia Phillies
    Time: 12pm CST
    Location: San Diego Padres Field
  Game: 9
    Home: San Francisco Giants
    Away: Boston Red Sox
    Time: 12pm CST
    Location: San Francisco Giants Field
  Game: 10
    Home: Cleveland Indians
    Away: Minnesota Twins
    Time: 12pm CST
    Location: Cleveland Indians Field
Day: 33
  Game: 0
    Home: St. Louis Cardinals
    Away: Seattle Mariners
    Time: 12pm CST
    Location: St. Louis Cardinals Field
  Game: 1
    Home: Cincinnati Reds
    Away: Baltimore Orioles
    Time: 12pm CST
    Location: Cincinnati Reds Field
  Game: 2
    Home: Cleveland Indians
    Away: New York Mets
    Time: 12pm CST
    Location: Cleveland Indians Field
  Game: 3
    Home: Kansas City Royals
    Away: Atlanta Braves
    Time: 12pm CST
    Location: Kansas City Royals Field
  Game: 4
    Home: Atlanta Braves
    Away: St. Louis Cardinals
    Time: 12pm CST
    Location: Atlanta Braves Field
  Game: 5
    Home: Tampa Bay Rays
    Away: Pittsburgh Pirates
    Time: 12pm CST
    Location: Tampa Bay Rays Field
  Game: 6
    Home: San Diego Padres
    Away: Philadelphia Phillies
    Time: 12pm CST
    Location: San Diego Padres Field
  Game: 7
    Home: San Francisco Giants
    Away: Boston Red Sox
    Time: 12pm CST
    Location: San Francisco Giants Field
  Game: 8
    Home: Cleveland Indians
    Away: Minnesota Twins
    Time: 12pm CST
    Location: Cleveland Indians Field
Day: 34
  Game: 0
    Home: St. Louis Cardinals
    Away: Seattle Mariners
    Time: 12pm CST
    Location: St. Louis Cardinals Field
  Game: 1
    Home: Cincinnati Reds
    Away: Baltimore Orioles
    Time: 12pm CST
    Location: Cincinnati Reds Field
  Game: 2
    Home: Cleveland Indians
    Away: New York Mets
    Time: 12pm CST
    Location: Cleveland Indians Field
  Game: 3
    Home: Kansas City Royals
    Away: Atlanta Braves
    Time: 12pm CST
    Location: Kansas City Royals Field
  Game: 4
    Home: Atlanta Braves
    Away: St. Louis Cardinals
    Time: 12pm CST
    Location: Atlanta Braves Field
  Game: 5
    Home: Tampa Bay Rays
    Away: Pittsburgh Pirates
    Time: 12pm CST
    Location: Tampa Bay Rays Field
  Game: 6
    Home: San Diego Padres
    Away: Philadelphia Phillies
    Time: 12pm CST
    Location: San Diego Padres Field
  Game: 7
    Home: San Francisco Giants
    Away: Boston Red Sox
    Time: 12pm CST
    Location: San Francisco Giants Field
  Game: 8
    Home: Cleveland Indians
    Away: Minnesota Twins
    Time: 12pm CST
    Location: Cleveland Indians Field
Day: 35
Day: 36
Day: 37
Day: 38
Day: 39
Day: 40
Day: 41
Day: 42
Day: 43
Day: 44
Day: 45
Day: 46
Day: 47
Day: 48
Day: 49
Day: 50
Day: 51
Day: 52
Day: 53
Day: 54
Day: 55
Day: 56
Day: 57
Day: 58
Day: 59
Day: 60
Day: 61
Day: 62
Day: 63
Day: 64
Day: 65
Day: 66
Day: 67
Day: 68
Day: 69
Day: 70
Day: 71
Day: 72
Day: 73
Day: 74
Day: 75
Day: 76
Day: 77
Day: 78
Day: 79
Day: 80
Day: 81
Day: 82
Day: 83
Day: 84
Day: 85
Day: 86
Day: 87
Day: 88
Day: 89
Day: 90
Day: 91
Day: 92
Day: 93
Day: 94
Day: 95
Day: 96
Day: 97
Day: 98
Day: 99
Day: 100
Day: 101
Day: 102
Day: 103
Day: 104
Day: 105
Day: 106
Day: 107
Day: 108
Day: 109
Day: 110
Day: 111
Day: 112
Day: 113
Day: 114
Day: 115
Day: 116
Day: 117
Day: 118
Day: 119
Day: 120
Day: 121
Day: 122
Day: 123
Day: 124
Day: 125
Day: 126
Day: 127
Day: 128
Day: 129
Day: 130
Day: 131
Day: 132
Day: 133
Day: 134
Day: 135
Day: 136
Day: 137
Day: 138
Day: 139
Day: 140
Day: 141
Day: 142
Day: 143
Day: 144
Day: 145
Day: 146
Day: 147
Day: 148
Day: 149
Day: 150
Day: 151
Day: 152
Day: 153
Day: 154
Day: 155
Day: 156
Day: 157
Day: 158
Day: 159
Day: 160
Day: 161
Day: 162
Day: 163
Day: 164
Day: 165
Day: 166
Day: 167
Day: 168
Day: 169
Day: 170
Day: 171
Day: 172
Day: 173
Day: 174
Day: 175
Day: 176
Day: 177
Day: 178
Day: 179
